[1/15] cl /c /Zc:__cplusplus /Zp8 /GR /W3 /EHs /nologo /MD /D_CRT_SECURE_NO_DEPRECATE /D_SCL_SECURE_NO_DEPRECATE /D_SECURE_SCL=0   /DMATLAB_MEX_FILE  /DMATLAB_MEX_FILE /O2 /Oy- /DNDEBUG /fp:strict /utf-8 /I "." /I "D:\R - Clemson\SRA Program\Simulation Package\TMTDyn_2_Arm_Backpack\V002\eom" /I ".\interface" /I "E:\SOFTWARE\DARK TECH\MathWorks\extern\include" /I "." -DMODEL=EOM_eq_mex   EOM_eq_data.c /Fobuild\win64\EOM_eq_data.obj
EOM_eq_data.c
[2/15] cl /c /Zc:__cplusplus /Zp8 /GR /W3 /EHs /nologo /MD /D_CRT_SECURE_NO_DEPRECATE /D_SCL_SECURE_NO_DEPRECATE /D_SECURE_SCL=0   /DMATLAB_MEX_FILE  /DMATLAB_MEX_FILE /O2 /Oy- /DNDEBUG /fp:strict /utf-8 /I "." /I "D:\R - Clemson\SRA Program\Simulation Package\TMTDyn_2_Arm_Backpack\V002\eom" /I ".\interface" /I "E:\SOFTWARE\DARK TECH\MathWorks\extern\include" /I "." -DMODEL=EOM_eq_mex   rt_nonfinite.c /Fobuild\win64\rt_nonfinite.obj
rt_nonfinite.c
[3/15] cl /c /Zc:__cplusplus /Zp8 /GR /W3 /EHs /nologo /MD /D_CRT_SECURE_NO_DEPRECATE /D_SCL_SECURE_NO_DEPRECATE /D_SECURE_SCL=0   /DMATLAB_MEX_FILE  /DMATLAB_MEX_FILE /O2 /Oy- /DNDEBUG /fp:strict /utf-8 /I "." /I "D:\R - Clemson\SRA Program\Simulation Package\TMTDyn_2_Arm_Backpack\V002\eom" /I ".\interface" /I "E:\SOFTWARE\DARK TECH\MathWorks\extern\include" /I "." -DMODEL=EOM_eq_mex   power.c /Fobuild\win64\power.obj
power.c
[4/15] cl /c /Zc:__cplusplus /Zp8 /GR /W3 /EHs /nologo /MD /D_CRT_SECURE_NO_DEPRECATE /D_SCL_SECURE_NO_DEPRECATE /D_SECURE_SCL=0   /DMATLAB_MEX_FILE  /DMATLAB_MEX_FILE /O2 /Oy- /DNDEBUG /fp:strict /utf-8 /I "." /I "D:\R - Clemson\SRA Program\Simulation Package\TMTDyn_2_Arm_Backpack\V002\eom" /I ".\interface" /I "E:\SOFTWARE\DARK TECH\MathWorks\extern\include" /I "." -DMODEL=EOM_eq_mex   "E:\SOFTWARE\DARK TECH\MathWorks\extern\version\c_mexapi_version.c" /Fobuild\win64\c_mexapi_version.obj
c_mexapi_version.c
[5/15] cl /c /Zc:__cplusplus /Zp8 /GR /W3 /EHs /nologo /MD /D_CRT_SECURE_NO_DEPRECATE /D_SCL_SECURE_NO_DEPRECATE /D_SECURE_SCL=0   /DMATLAB_MEX_FILE  /DMATLAB_MEX_FILE /O2 /Oy- /DNDEBUG /fp:strict /utf-8 /I "." /I "D:\R - Clemson\SRA Program\Simulation Package\TMTDyn_2_Arm_Backpack\V002\eom" /I ".\interface" /I "E:\SOFTWARE\DARK TECH\MathWorks\extern\include" /I "." -DMODEL=EOM_eq_mex   sqrt.c /Fobuild\win64\sqrt.obj
sqrt.c
[6/15] cl /c /Zc:__cplusplus /Zp8 /GR /W3 /EHs /nologo /MD /D_CRT_SECURE_NO_DEPRECATE /D_SCL_SECURE_NO_DEPRECATE /D_SECURE_SCL=0   /DMATLAB_MEX_FILE  /DMATLAB_MEX_FILE /O2 /Oy- /DNDEBUG /fp:strict /utf-8 /I "." /I "D:\R - Clemson\SRA Program\Simulation Package\TMTDyn_2_Arm_Backpack\V002\eom" /I ".\interface" /I "E:\SOFTWARE\DARK TECH\MathWorks\extern\include" /I "." -DMODEL=EOM_eq_mex   EOM_eq_initialize.c /Fobuild\win64\EOM_eq_initialize.obj
EOM_eq_initialize.c
[7/15] cl /c /Zc:__cplusplus /Zp8 /GR /W3 /EHs /nologo /MD /D_CRT_SECURE_NO_DEPRECATE /D_SCL_SECURE_NO_DEPRECATE /D_SECURE_SCL=0   /DMATLAB_MEX_FILE  /DMATLAB_MEX_FILE /O2 /Oy- /DNDEBUG /fp:strict /utf-8 /I "." /I "D:\R - Clemson\SRA Program\Simulation Package\TMTDyn_2_Arm_Backpack\V002\eom" /I ".\interface" /I "E:\SOFTWARE\DARK TECH\MathWorks\extern\include" /I "." -DMODEL=EOM_eq_mex   interface\_coder_EOM_eq_mex.c /Fobuild\win64\_coder_EOM_eq_mex.obj
_coder_EOM_eq_mex.c
[8/15] cl /c /Zc:__cplusplus /Zp8 /GR /W3 /EHs /nologo /MD /D_CRT_SECURE_NO_DEPRECATE /D_SCL_SECURE_NO_DEPRECATE /D_SECURE_SCL=0   /DMATLAB_MEX_FILE  /DMATLAB_MEX_FILE /O2 /Oy- /DNDEBUG /fp:strict /utf-8 /I "." /I "D:\R - Clemson\SRA Program\Simulation Package\TMTDyn_2_Arm_Backpack\V002\eom" /I ".\interface" /I "E:\SOFTWARE\DARK TECH\MathWorks\extern\include" /I "." -DMODEL=EOM_eq_mex   EOM_eq_terminate.c /Fobuild\win64\EOM_eq_terminate.obj
EOM_eq_terminate.c
[9/15] cl /c /Zc:__cplusplus /Zp8 /GR /W3 /EHs /nologo /MD /D_CRT_SECURE_NO_DEPRECATE /D_SCL_SECURE_NO_DEPRECATE /D_SECURE_SCL=0   /DMATLAB_MEX_FILE  /DMATLAB_MEX_FILE /O2 /Oy- /DNDEBUG /fp:strict /utf-8 /I "." /I "D:\R - Clemson\SRA Program\Simulation Package\TMTDyn_2_Arm_Backpack\V002\eom" /I ".\interface" /I "E:\SOFTWARE\DARK TECH\MathWorks\extern\include" /I "." -DMODEL=EOM_eq_mex   interface\_coder_EOM_eq_info.c /Fobuild\win64\_coder_EOM_eq_info.obj
_coder_EOM_eq_info.c
[10/15] cl /c /Zc:__cplusplus /Zp8 /GR /W3 /EHs /nologo /MD /D_CRT_SECURE_NO_DEPRECATE /D_SCL_SECURE_NO_DEPRECATE /D_SECURE_SCL=0   /DMATLAB_MEX_FILE  /DMATLAB_MEX_FILE /O2 /Oy- /DNDEBUG /fp:strict /utf-8 /I "." /I "D:\R - Clemson\SRA Program\Simulation Package\TMTDyn_2_Arm_Backpack\V002\eom" /I ".\interface" /I "E:\SOFTWARE\DARK TECH\MathWorks\extern\include" /I "." -DMODEL=EOM_eq_mex   interface\_coder_EOM_eq_api.c /Fobuild\win64\_coder_EOM_eq_api.obj
_coder_EOM_eq_api.c
[11/15] cl /c /Zc:__cplusplus /Zp8 /GR /W3 /EHs /nologo /MD /D_CRT_SECURE_NO_DEPRECATE /D_SCL_SECURE_NO_DEPRECATE /D_SECURE_SCL=0   /DMATLAB_MEX_FILE  /DMATLAB_MEX_FILE /O2 /Oy- /DNDEBUG /fp:strict /utf-8 /I "." /I "D:\R - Clemson\SRA Program\Simulation Package\TMTDyn_2_Arm_Backpack\V002\eom" /I ".\interface" /I "E:\SOFTWARE\DARK TECH\MathWorks\extern\include" /I "." -DMODEL=EOM_eq_mex   massF1.c /Fobuild\win64\massF1.obj
massF1.c
[12/15] cl /c /Zc:__cplusplus /Zp8 /GR /W3 /EHs /nologo /MD /D_CRT_SECURE_NO_DEPRECATE /D_SCL_SECURE_NO_DEPRECATE /D_SECURE_SCL=0   /DMATLAB_MEX_FILE  /DMATLAB_MEX_FILE /O2 /Oy- /DNDEBUG /fp:strict /utf-8 /I "." /I "D:\R - Clemson\SRA Program\Simulation Package\TMTDyn_2_Arm_Backpack\V002\eom" /I ".\interface" /I "E:\SOFTWARE\DARK TECH\MathWorks\extern\include" /I "." -DMODEL=EOM_eq_mex   massF2.c /Fobuild\win64\massF2.obj
massF2.c
[13/15] cl /c /Zc:__cplusplus /Zp8 /GR /W3 /EHs /nologo /MD /D_CRT_SECURE_NO_DEPRECATE /D_SCL_SECURE_NO_DEPRECATE /D_SECURE_SCL=0   /DMATLAB_MEX_FILE  /DMATLAB_MEX_FILE /O2 /Oy- /DNDEBUG /fp:strict /utf-8 /I "." /I "D:\R - Clemson\SRA Program\Simulation Package\TMTDyn_2_Arm_Backpack\V002\eom" /I ".\interface" /I "E:\SOFTWARE\DARK TECH\MathWorks\extern\include" /I "." -DMODEL=EOM_eq_mex   sprdmpF10.c /Fobuild\win64\sprdmpF10.obj
sprdmpF10.c
[14/15] cl /c /Zc:__cplusplus /Zp8 /GR /W3 /EHs /nologo /MD /D_CRT_SECURE_NO_DEPRECATE /D_SCL_SECURE_NO_DEPRECATE /D_SECURE_SCL=0   /DMATLAB_MEX_FILE  /DMATLAB_MEX_FILE /O2 /Oy- /DNDEBUG /fp:strict /utf-8 /I "." /I "D:\R - Clemson\SRA Program\Simulation Package\TMTDyn_2_Arm_Backpack\V002\eom" /I ".\interface" /I "E:\SOFTWARE\DARK TECH\MathWorks\extern\include" /I "." -DMODEL=EOM_eq_mex   EOM_eq.c /Fobuild\win64\EOM_eq.obj
EOM_eq.c
[15/15] link @EOM_eq_mex.mexw64.rsp /nologo /manifest   /DLL /LIBPATH:"E:\SOFTWARE\DARK TECH\MathWorks\extern\lib\win64\microsoft" libmx.lib libmex.lib libmat.lib kernel32.lib user32.lib gdi32.lib winspool.lib comdlg32.lib advapi32.lib shell32.lib ole32.lib oleaut32.lib uuid.lib odbc32.lib odbccp32.lib  /out:"EOM_eq_mex.mexw64" libemlrt.lib libcovrt.lib libut.lib libmwmathutil.lib  /export:mexFunction /export:mexfilerequiredapiversion /export:emlrtMexFcnProperties /export:EOM_eq /export:EOM_eq_initialize /export:EOM_eq_terminate /export:EOM_eq_atexit
  正在创建库 EOM_eq_mex.lib 和对象 EOM_eq_mex.exp
