[1/10] cl /c /Zc:__cplusplus /Zp8 /GR /W3 /EHs /nologo /MD /D_CRT_SECURE_NO_DEPRECATE /D_SCL_SECURE_NO_DEPRECATE /D_SECURE_SCL=0   /DMATLAB_MEX_FILE  /DMATLAB_MEX_FILE /O2 /Oy- /DNDEBUG /fp:strict /utf-8 /I "." /I "D:\R - Clemson\SRA Program\Simulation Package\TMTDyn_2_Arm_Backpack\V002\eom" /I ".\interface" /I "E:\SOFTWARE\DARK TECH\MathWorks\extern\include" /I "." -DMODEL=EOM_input_mex   rt_nonfinite.c /Fobuild\win64\rt_nonfinite.obj
rt_nonfinite.c
[2/10] cl /c /Zc:__cplusplus /Zp8 /GR /W3 /EHs /nologo /MD /D_CRT_SECURE_NO_DEPRECATE /D_SCL_SECURE_NO_DEPRECATE /D_SECURE_SCL=0   /DMATLAB_MEX_FILE  /DMATLAB_MEX_FILE /O2 /Oy- /DNDEBUG /fp:strict /utf-8 /I "." /I "D:\R - Clemson\SRA Program\Simulation Package\TMTDyn_2_Arm_Backpack\V002\eom" /I ".\interface" /I "E:\SOFTWARE\DARK TECH\MathWorks\extern\include" /I "." -DMODEL=EOM_input_mex   "E:\SOFTWARE\DARK TECH\MathWorks\extern\version\c_mexapi_version.c" /Fobuild\win64\c_mexapi_version.obj
c_mexapi_version.c
[3/10] cl /c /Zc:__cplusplus /Zp8 /GR /W3 /EHs /nologo /MD /D_CRT_SECURE_NO_DEPRECATE /D_SCL_SECURE_NO_DEPRECATE /D_SECURE_SCL=0   /DMATLAB_MEX_FILE  /DMATLAB_MEX_FILE /O2 /Oy- /DNDEBUG /fp:strict /utf-8 /I "." /I "D:\R - Clemson\SRA Program\Simulation Package\TMTDyn_2_Arm_Backpack\V002\eom" /I ".\interface" /I "E:\SOFTWARE\DARK TECH\MathWorks\extern\include" /I "." -DMODEL=EOM_input_mex   EOM_input_terminate.c /Fobuild\win64\EOM_input_terminate.obj
EOM_input_terminate.c
[4/10] cl /c /Zc:__cplusplus /Zp8 /GR /W3 /EHs /nologo /MD /D_CRT_SECURE_NO_DEPRECATE /D_SCL_SECURE_NO_DEPRECATE /D_SECURE_SCL=0   /DMATLAB_MEX_FILE  /DMATLAB_MEX_FILE /O2 /Oy- /DNDEBUG /fp:strict /utf-8 /I "." /I "D:\R - Clemson\SRA Program\Simulation Package\TMTDyn_2_Arm_Backpack\V002\eom" /I ".\interface" /I "E:\SOFTWARE\DARK TECH\MathWorks\extern\include" /I "." -DMODEL=EOM_input_mex   interface\_coder_EOM_input_info.c /Fobuild\win64\_coder_EOM_input_info.obj
_coder_EOM_input_info.c
[5/10] cl /c /Zc:__cplusplus /Zp8 /GR /W3 /EHs /nologo /MD /D_CRT_SECURE_NO_DEPRECATE /D_SCL_SECURE_NO_DEPRECATE /D_SECURE_SCL=0   /DMATLAB_MEX_FILE  /DMATLAB_MEX_FILE /O2 /Oy- /DNDEBUG /fp:strict /utf-8 /I "." /I "D:\R - Clemson\SRA Program\Simulation Package\TMTDyn_2_Arm_Backpack\V002\eom" /I ".\interface" /I "E:\SOFTWARE\DARK TECH\MathWorks\extern\include" /I "." -DMODEL=EOM_input_mex   EOM_input_data.c /Fobuild\win64\EOM_input_data.obj
EOM_input_data.c
[6/10] cl /c /Zc:__cplusplus /Zp8 /GR /W3 /EHs /nologo /MD /D_CRT_SECURE_NO_DEPRECATE /D_SCL_SECURE_NO_DEPRECATE /D_SECURE_SCL=0   /DMATLAB_MEX_FILE  /DMATLAB_MEX_FILE /O2 /Oy- /DNDEBUG /fp:strict /utf-8 /I "." /I "D:\R - Clemson\SRA Program\Simulation Package\TMTDyn_2_Arm_Backpack\V002\eom" /I ".\interface" /I "E:\SOFTWARE\DARK TECH\MathWorks\extern\include" /I "." -DMODEL=EOM_input_mex   EOM_input_initialize.c /Fobuild\win64\EOM_input_initialize.obj
EOM_input_initialize.c
[7/10] cl /c /Zc:__cplusplus /Zp8 /GR /W3 /EHs /nologo /MD /D_CRT_SECURE_NO_DEPRECATE /D_SCL_SECURE_NO_DEPRECATE /D_SECURE_SCL=0   /DMATLAB_MEX_FILE  /DMATLAB_MEX_FILE /O2 /Oy- /DNDEBUG /fp:strict /utf-8 /I "." /I "D:\R - Clemson\SRA Program\Simulation Package\TMTDyn_2_Arm_Backpack\V002\eom" /I ".\interface" /I "E:\SOFTWARE\DARK TECH\MathWorks\extern\include" /I "." -DMODEL=EOM_input_mex   interface\_coder_EOM_input_mex.c /Fobuild\win64\_coder_EOM_input_mex.obj
_coder_EOM_input_mex.c
[8/10] cl /c /Zc:__cplusplus /Zp8 /GR /W3 /EHs /nologo /MD /D_CRT_SECURE_NO_DEPRECATE /D_SCL_SECURE_NO_DEPRECATE /D_SECURE_SCL=0   /DMATLAB_MEX_FILE  /DMATLAB_MEX_FILE /O2 /Oy- /DNDEBUG /fp:strict /utf-8 /I "." /I "D:\R - Clemson\SRA Program\Simulation Package\TMTDyn_2_Arm_Backpack\V002\eom" /I ".\interface" /I "E:\SOFTWARE\DARK TECH\MathWorks\extern\include" /I "." -DMODEL=EOM_input_mex   EOM_input.c /Fobuild\win64\EOM_input.obj
EOM_input.c
[9/10] cl /c /Zc:__cplusplus /Zp8 /GR /W3 /EHs /nologo /MD /D_CRT_SECURE_NO_DEPRECATE /D_SCL_SECURE_NO_DEPRECATE /D_SECURE_SCL=0   /DMATLAB_MEX_FILE  /DMATLAB_MEX_FILE /O2 /Oy- /DNDEBUG /fp:strict /utf-8 /I "." /I "D:\R - Clemson\SRA Program\Simulation Package\TMTDyn_2_Arm_Backpack\V002\eom" /I ".\interface" /I "E:\SOFTWARE\DARK TECH\MathWorks\extern\include" /I "." -DMODEL=EOM_input_mex   interface\_coder_EOM_input_api.c /Fobuild\win64\_coder_EOM_input_api.obj
_coder_EOM_input_api.c
[10/10] link @EOM_input_mex.mexw64.rsp /nologo /manifest   /DLL /LIBPATH:"E:\SOFTWARE\DARK TECH\MathWorks\extern\lib\win64\microsoft" libmx.lib libmex.lib libmat.lib kernel32.lib user32.lib gdi32.lib winspool.lib comdlg32.lib advapi32.lib shell32.lib ole32.lib oleaut32.lib uuid.lib odbc32.lib odbccp32.lib  /out:"EOM_input_mex.mexw64" libemlrt.lib libcovrt.lib libut.lib libmwmathutil.lib  /export:mexFunction /export:mexfilerequiredapiversion /export:emlrtMexFcnProperties /export:EOM_input /export:EOM_input_initialize /export:EOM_input_terminate /export:EOM_input_atexit
  正在创建库 EOM_input_mex.lib 和对象 EOM_input_mex.exp
