[1/10] cl /c /Zc:__cplusplus /Zp8 /GR /W3 /EHs /nologo /MD /D_CRT_SECURE_NO_DEPRECATE /D_SCL_SECURE_NO_DEPRECATE /D_SECURE_SCL=0   /DMATLAB_MEX_FILE  /DMATLAB_MEX_FILE /O2 /Oy- /DNDEBUG /fp:strict /utf-8 /I "." /I "D:\R - Clemson\SRA Program\Simulation Package\TMTDyn_2_Arm_Backpack\V002\eom" /I ".\interface" /I "E:\SOFTWARE\DARK TECH\MathWorks\extern\include" /I "." -DMODEL=rjtipF_mex   rjtipF_data.c /Fobuild\win64\rjtipF_data.obj
rjtipF_data.c
[2/10] cl /c /Zc:__cplusplus /Zp8 /GR /W3 /EHs /nologo /MD /D_CRT_SECURE_NO_DEPRECATE /D_SCL_SECURE_NO_DEPRECATE /D_SECURE_SCL=0   /DMATLAB_MEX_FILE  /DMATLAB_MEX_FILE /O2 /Oy- /DNDEBUG /fp:strict /utf-8 /I "." /I "D:\R - Clemson\SRA Program\Simulation Package\TMTDyn_2_Arm_Backpack\V002\eom" /I ".\interface" /I "E:\SOFTWARE\DARK TECH\MathWorks\extern\include" /I "." -DMODEL=rjtipF_mex   "E:\SOFTWARE\DARK TECH\MathWorks\extern\version\c_mexapi_version.c" /Fobuild\win64\c_mexapi_version.obj
c_mexapi_version.c
[3/10] cl /c /Zc:__cplusplus /Zp8 /GR /W3 /EHs /nologo /MD /D_CRT_SECURE_NO_DEPRECATE /D_SCL_SECURE_NO_DEPRECATE /D_SECURE_SCL=0   /DMATLAB_MEX_FILE  /DMATLAB_MEX_FILE /O2 /Oy- /DNDEBUG /fp:strict /utf-8 /I "." /I "D:\R - Clemson\SRA Program\Simulation Package\TMTDyn_2_Arm_Backpack\V002\eom" /I ".\interface" /I "E:\SOFTWARE\DARK TECH\MathWorks\extern\include" /I "." -DMODEL=rjtipF_mex   rjtipF_terminate.c /Fobuild\win64\rjtipF_terminate.obj
rjtipF_terminate.c
[4/10] cl /c /Zc:__cplusplus /Zp8 /GR /W3 /EHs /nologo /MD /D_CRT_SECURE_NO_DEPRECATE /D_SCL_SECURE_NO_DEPRECATE /D_SECURE_SCL=0   /DMATLAB_MEX_FILE  /DMATLAB_MEX_FILE /O2 /Oy- /DNDEBUG /fp:strict /utf-8 /I "." /I "D:\R - Clemson\SRA Program\Simulation Package\TMTDyn_2_Arm_Backpack\V002\eom" /I ".\interface" /I "E:\SOFTWARE\DARK TECH\MathWorks\extern\include" /I "." -DMODEL=rjtipF_mex   interface\_coder_rjtipF_mex.c /Fobuild\win64\_coder_rjtipF_mex.obj
_coder_rjtipF_mex.c
[5/10] cl /c /Zc:__cplusplus /Zp8 /GR /W3 /EHs /nologo /MD /D_CRT_SECURE_NO_DEPRECATE /D_SCL_SECURE_NO_DEPRECATE /D_SECURE_SCL=0   /DMATLAB_MEX_FILE  /DMATLAB_MEX_FILE /O2 /Oy- /DNDEBUG /fp:strict /utf-8 /I "." /I "D:\R - Clemson\SRA Program\Simulation Package\TMTDyn_2_Arm_Backpack\V002\eom" /I ".\interface" /I "E:\SOFTWARE\DARK TECH\MathWorks\extern\include" /I "." -DMODEL=rjtipF_mex   rjtipF.c /Fobuild\win64\rjtipF.obj
rjtipF.c
[6/10] cl /c /Zc:__cplusplus /Zp8 /GR /W3 /EHs /nologo /MD /D_CRT_SECURE_NO_DEPRECATE /D_SCL_SECURE_NO_DEPRECATE /D_SECURE_SCL=0   /DMATLAB_MEX_FILE  /DMATLAB_MEX_FILE /O2 /Oy- /DNDEBUG /fp:strict /utf-8 /I "." /I "D:\R - Clemson\SRA Program\Simulation Package\TMTDyn_2_Arm_Backpack\V002\eom" /I ".\interface" /I "E:\SOFTWARE\DARK TECH\MathWorks\extern\include" /I "." -DMODEL=rjtipF_mex   rt_nonfinite.c /Fobuild\win64\rt_nonfinite.obj
rt_nonfinite.c
[7/10] cl /c /Zc:__cplusplus /Zp8 /GR /W3 /EHs /nologo /MD /D_CRT_SECURE_NO_DEPRECATE /D_SCL_SECURE_NO_DEPRECATE /D_SECURE_SCL=0   /DMATLAB_MEX_FILE  /DMATLAB_MEX_FILE /O2 /Oy- /DNDEBUG /fp:strict /utf-8 /I "." /I "D:\R - Clemson\SRA Program\Simulation Package\TMTDyn_2_Arm_Backpack\V002\eom" /I ".\interface" /I "E:\SOFTWARE\DARK TECH\MathWorks\extern\include" /I "." -DMODEL=rjtipF_mex   interface\_coder_rjtipF_info.c /Fobuild\win64\_coder_rjtipF_info.obj
_coder_rjtipF_info.c
[8/10] cl /c /Zc:__cplusplus /Zp8 /GR /W3 /EHs /nologo /MD /D_CRT_SECURE_NO_DEPRECATE /D_SCL_SECURE_NO_DEPRECATE /D_SECURE_SCL=0   /DMATLAB_MEX_FILE  /DMATLAB_MEX_FILE /O2 /Oy- /DNDEBUG /fp:strict /utf-8 /I "." /I "D:\R - Clemson\SRA Program\Simulation Package\TMTDyn_2_Arm_Backpack\V002\eom" /I ".\interface" /I "E:\SOFTWARE\DARK TECH\MathWorks\extern\include" /I "." -DMODEL=rjtipF_mex   rjtipF_initialize.c /Fobuild\win64\rjtipF_initialize.obj
rjtipF_initialize.c
[9/10] cl /c /Zc:__cplusplus /Zp8 /GR /W3 /EHs /nologo /MD /D_CRT_SECURE_NO_DEPRECATE /D_SCL_SECURE_NO_DEPRECATE /D_SECURE_SCL=0   /DMATLAB_MEX_FILE  /DMATLAB_MEX_FILE /O2 /Oy- /DNDEBUG /fp:strict /utf-8 /I "." /I "D:\R - Clemson\SRA Program\Simulation Package\TMTDyn_2_Arm_Backpack\V002\eom" /I ".\interface" /I "E:\SOFTWARE\DARK TECH\MathWorks\extern\include" /I "." -DMODEL=rjtipF_mex   interface\_coder_rjtipF_api.c /Fobuild\win64\_coder_rjtipF_api.obj
_coder_rjtipF_api.c
[10/10] link @rjtipF_mex.mexw64.rsp /nologo /manifest   /DLL /LIBPATH:"E:\SOFTWARE\DARK TECH\MathWorks\extern\lib\win64\microsoft" libmx.lib libmex.lib libmat.lib kernel32.lib user32.lib gdi32.lib winspool.lib comdlg32.lib advapi32.lib shell32.lib ole32.lib oleaut32.lib uuid.lib odbc32.lib odbccp32.lib  /out:"rjtipF_mex.mexw64" libemlrt.lib libcovrt.lib libut.lib libmwmathutil.lib  /export:mexFunction /export:mexfilerequiredapiversion /export:emlrtMexFcnProperties /export:rjtipF /export:rjtipF_initialize /export:rjtipF_terminate /export:rjtipF_atexit
  正在创建库 rjtipF_mex.lib 和对象 rjtipF_mex.exp
